
> client@0.0.0 test
> ng test --watch=false --browsers=ChromeHeadless

Node.js version v25.2.1 detected.
Odd numbered Node.js versions will not enter LTS status and should not be used for production. For more information, please see https://nodejs.org/en/about/previous-releases/.
- Generating browser application bundles (phase: setup)...
Î“Â£Ã¶ Browser application bundle generation complete.
[32m14 01 2026 18:08:32.201:INFO [karma-server]: [39mKarma v6.4.4 server started at http://localhost:9876/
[32m14 01 2026 18:08:32.202:INFO [launcher]: [39mLaunching browsers ChromeHeadless with concurrency unlimited
[32m14 01 2026 18:08:32.214:INFO [launcher]: [39mStarting browser ChromeHeadless
[32m14 01 2026 18:08:33.388:INFO [Chrome Headless 143.0.0.0 (Windows 10)]: [39mConnected on socket eud-_-hdvsggGuoEAAAB with id 88694647
Chrome Headless 143.0.0.0 (Windows 10): Executed 0 of 12[32m SUCCESS[39m (0 secs / 0 secs)
[1A[2KChrome Headless 143.0.0.0 (Windows 10): Executed 1 of 12[32m SUCCESS[39m (0 secs / 0.019 secs)
[1A[2KChrome Headless 143.0.0.0 (Windows 10): Executed 2 of 12[32m SUCCESS[39m (0 secs / 0.023 secs)
[1A[2KChrome Headless 143.0.0.0 (Windows 10): Executed 3 of 12[32m SUCCESS[39m (0 secs / 0.027 secs)
[1A[2KChrome Headless 143.0.0.0 (Windows 10): Executed 4 of 12[32m SUCCESS[39m (0 secs / 0.029 secs)
[1A[2KChrome Headless 143.0.0.0 (Windows 10): Executed 5 of 12[32m SUCCESS[39m (0 secs / 0.032 secs)
[1A[2KChrome Headless 143.0.0.0 (Windows 10): Executed 6 of 12[32m SUCCESS[39m (0 secs / 0.035 secs)
[1A[2KChrome Headless 143.0.0.0 (Windows 10): Executed 7 of 12[32m SUCCESS[39m (0 secs / 0.037 secs)
[1A[2KChrome Headless 143.0.0.0 (Windows 10): Executed 8 of 12[32m SUCCESS[39m (0 secs / 0.039 secs)
[1A[2K[31mChrome Headless 143.0.0.0 (Windows 10) GameService Pegging Phase should handle "Go" correctly FAILED[39m
	Expected 'p2' to be 'p1'.
	    at <Jasmine>
	    at UserContext.apply (src/app/services/game.service.spec.ts:242:47)
	    at UserContext.apply (node_modules/zone.js/fesm2015/zone-testing.js:1702:26)
	    at _ZoneDelegate.invoke (node_modules/zone.js/fesm2015/zone.js:369:28)
	    at ProxyZoneSpec.onInvoke (node_modules/zone.js/fesm2015/zone-testing.js:2081:39)
Chrome Headless 143.0.0.0 (Windows 10): Executed 9 of 12[31m (1 FAILED)[39m (0 secs / 0.042 secs)
[1A[2KChrome Headless 143.0.0.0 (Windows 10): Executed 10 of 12[31m (1 FAILED)[39m (0 secs / 0.045 secs)
[1A[2KChrome Headless 143.0.0.0 (Windows 10): Executed 11 of 12[31m (1 FAILED)[39m (0 secs / 0.047 secs)
[1A[2KChrome Headless 143.0.0.0 (Windows 10): Executed 12 of 12[31m (1 FAILED)[39m (0 secs / 0.048 secs)
[1A[2KChrome Headless 143.0.0.0 (Windows 10): Executed 12 of 12[31m (1 FAILED)[39m (0.069 secs / 0.048 secs)
[31mTOTAL: 1 FAILED, 11 SUCCESS[39m
Î“Â£Ã¶ Browser application bundle generation complete.
Î“Â£Ã¶ Browser application bundle generation complete.
