
> client@0.0.0 test
> ng test --watch=false --browsers=ChromeHeadless

Node.js version v25.2.1 detected.
Odd numbered Node.js versions will not enter LTS status and should not be used for production. For more information, please see https://nodejs.org/en/about/previous-releases/.
- Generating browser application bundles (phase: setup)...
Î“Â£Ã¶ Browser application bundle generation complete.
[32m14 01 2026 18:25:34.624:INFO [karma-server]: [39mKarma v6.4.4 server started at http://localhost:9876/
[32m14 01 2026 18:25:34.626:INFO [launcher]: [39mLaunching browsers ChromeHeadless with concurrency unlimited
[32m14 01 2026 18:25:34.640:INFO [launcher]: [39mStarting browser ChromeHeadless
[32m14 01 2026 18:25:36.046:INFO [Chrome Headless 143.0.0.0 (Windows 10)]: [39mConnected on socket 2mXVNyiJnMu-o_XvAAAB with id 94165637
Chrome Headless 143.0.0.0 (Windows 10): Executed 0 of 13[32m SUCCESS[39m (0 secs / 0 secs)
[1A[2KChrome Headless 143.0.0.0 (Windows 10): Executed 1 of 13[32m SUCCESS[39m (0 secs / 0.02 secs)
[1A[2KChrome Headless 143.0.0.0 (Windows 10): Executed 2 of 13[32m SUCCESS[39m (0 secs / 0.025 secs)
[1A[2KChrome Headless 143.0.0.0 (Windows 10): Executed 3 of 13[32m SUCCESS[39m (0 secs / 0.031 secs)
[1A[2KChrome Headless 143.0.0.0 (Windows 10): Executed 4 of 13[32m SUCCESS[39m (0 secs / 0.034 secs)
[1A[2KChrome Headless 143.0.0.0 (Windows 10): Executed 5 of 13[32m SUCCESS[39m (0 secs / 0.038 secs)
[1A[2KChrome Headless 143.0.0.0 (Windows 10): Executed 6 of 13[32m SUCCESS[39m (0 secs / 0.042 secs)
[1A[2KChrome Headless 143.0.0.0 (Windows 10): Executed 7 of 13[32m SUCCESS[39m (0 secs / 0.045 secs)
[1A[2KChrome Headless 143.0.0.0 (Windows 10): Executed 8 of 13[32m SUCCESS[39m (0 secs / 0.049 secs)
[1A[2KChrome Headless 143.0.0.0 (Windows 10): Executed 9 of 13[32m SUCCESS[39m (0 secs / 0.055 secs)
[1A[2KChrome Headless 143.0.0.0 (Windows 10): Executed 10 of 13[32m SUCCESS[39m (0 secs / 0.058 secs)
[1A[2K[31mChrome Headless 143.0.0.0 (Windows 10) GameService Pegging Phase should score 31 correctly and reset stack FAILED[39m
	Expected 4 to be 2.
	    at <Jasmine>
	    at UserContext.apply (src/app/services/game.service.spec.ts:264:51)
	    at UserContext.apply (node_modules/zone.js/fesm2015/zone-testing.js:1702:26)
	    at _ZoneDelegate.invoke (node_modules/zone.js/fesm2015/zone.js:369:28)
	    at ProxyZoneSpec.onInvoke (node_modules/zone.js/fesm2015/zone-testing.js:2081:39)
Chrome Headless 143.0.0.0 (Windows 10): Executed 11 of 13[31m (1 FAILED)[39m (0 secs / 0.063 secs)
[1A[2KChrome Headless 143.0.0.0 (Windows 10): Executed 12 of 13[31m (1 FAILED)[39m (0 secs / 0.066 secs)
[1A[2KChrome Headless 143.0.0.0 (Windows 10): Executed 13 of 13[31m (1 FAILED)[39m (0 secs / 0.068 secs)
[1A[2KChrome Headless 143.0.0.0 (Windows 10): Executed 13 of 13[31m (1 FAILED)[39m (0.094 secs / 0.068 secs)
[31mTOTAL: 1 FAILED, 12 SUCCESS[39m
Î“Â£Ã¶ Browser application bundle generation complete.
Î“Â£Ã¶ Browser application bundle generation complete.
