
> client@0.0.0 test
> ng test --watch=false --browsers=ChromeHeadless

Node.js version v25.2.1 detected.
Odd numbered Node.js versions will not enter LTS status and should not be used for production. For more information, please see https://nodejs.org/en/about/previous-releases/.
- Generating browser application bundles (phase: setup)...
Î“Â£Ã¶ Browser application bundle generation complete.
[32m14 01 2026 19:19:49.500:INFO [karma-server]: [39mKarma v6.4.4 server started at http://localhost:9876/
[32m14 01 2026 19:19:49.502:INFO [launcher]: [39mLaunching browsers ChromeHeadless with concurrency unlimited
[32m14 01 2026 19:19:49.515:INFO [launcher]: [39mStarting browser ChromeHeadless
[32m14 01 2026 19:19:50.960:INFO [Chrome Headless 143.0.0.0 (Windows 10)]: [39mConnected on socket sobeILGbppuLjpgDAAAB with id 71376517
Chrome Headless 143.0.0.0 (Windows 10): Executed 0 of 14[32m SUCCESS[39m (0 secs / 0 secs)
[1A[2KLOG: [36m'Pegging Finished. Starting Counting Phase.'[39m
Chrome Headless 143.0.0.0 (Windows 10): Executed 0 of 14[32m SUCCESS[39m (0 secs / 0 secs)
LOG: 'Pegging Finished. Starting Counting Phase.'
[1A[2KLOG: [36m'CPU Hand Score: 32'[39m
Chrome Headless 143.0.0.0 (Windows 10): Executed 0 of 14[32m SUCCESS[39m (0 secs / 0 secs)
LOG: 'CPU Hand Score: 32'
[1A[2KLOG: [36m'Player 1 Hand Score: 4'[39m
Chrome Headless 143.0.0.0 (Windows 10): Executed 0 of 14[32m SUCCESS[39m (0 secs / 0 secs)
LOG: 'Player 1 Hand Score: 4'
[1A[2KLOG: [36m'Player 1 Crib Score: 2'[39m
Chrome Headless 143.0.0.0 (Windows 10): Executed 0 of 14[32m SUCCESS[39m (0 secs / 0 secs)
LOG: 'Player 1 Crib Score: 2'
[1A[2KChrome Headless 143.0.0.0 (Windows 10): Executed 1 of 14[32m SUCCESS[39m (0 secs / 0.021 secs)
[1A[2KChrome Headless 143.0.0.0 (Windows 10): Executed 2 of 14[32m SUCCESS[39m (0 secs / 0.024 secs)
[1A[2KChrome Headless 143.0.0.0 (Windows 10): Executed 3 of 14[32m SUCCESS[39m (0 secs / 0.026 secs)
[1A[2KChrome Headless 143.0.0.0 (Windows 10): Executed 4 of 14[32m SUCCESS[39m (0 secs / 0.028 secs)
[1A[2KChrome Headless 143.0.0.0 (Windows 10): Executed 5 of 14[32m SUCCESS[39m (0 secs / 0.031 secs)
[1A[2KChrome Headless 143.0.0.0 (Windows 10): Executed 6 of 14[32m SUCCESS[39m (0 secs / 0.032 secs)
[1A[2KChrome Headless 143.0.0.0 (Windows 10): Executed 7 of 14[32m SUCCESS[39m (0 secs / 0.034 secs)
[1A[2KChrome Headless 143.0.0.0 (Windows 10): Executed 8 of 14[32m SUCCESS[39m (0 secs / 0.036 secs)
[1A[2KChrome Headless 143.0.0.0 (Windows 10): Executed 9 of 14[32m SUCCESS[39m (0 secs / 0.04 secs)
[1A[2KChrome Headless 143.0.0.0 (Windows 10): Executed 10 of 14[32m SUCCESS[39m (0 secs / 0.044 secs)
[1A[2KChrome Headless 143.0.0.0 (Windows 10): Executed 11 of 14[32m SUCCESS[39m (0 secs / 0.046 secs)
[1A[2KChrome Headless 143.0.0.0 (Windows 10): Executed 12 of 14[32m SUCCESS[39m (0 secs / 0.048 secs)
[1A[2K[31mChrome Headless 143.0.0.0 (Windows 10) GameService Counting Phase should step through counting stages correctly FAILED[39m
	Expected 32 to be 20.
	    at <Jasmine>
	    at UserContext.apply (src/app/services/game.service.spec.ts:328:44)
	    at UserContext.apply (node_modules/zone.js/fesm2015/zone-testing.js:1702:26)
	    at _ZoneDelegate.invoke (node_modules/zone.js/fesm2015/zone.js:369:28)
	    at ProxyZoneSpec.onInvoke (node_modules/zone.js/fesm2015/zone-testing.js:2081:39)
	Expected 4 to be 0.
	    at <Jasmine>
	    at UserContext.apply (src/app/services/game.service.spec.ts:337:44)
	    at UserContext.apply (node_modules/zone.js/fesm2015/zone-testing.js:1702:26)
	    at _ZoneDelegate.invoke (node_modules/zone.js/fesm2015/zone.js:369:28)
	    at ProxyZoneSpec.onInvoke (node_modules/zone.js/fesm2015/zone-testing.js:2081:39)
	Expected 6 to be 2.
	    at <Jasmine>
	    at UserContext.apply (src/app/services/game.service.spec.ts:346:44)
	    at UserContext.apply (node_modules/zone.js/fesm2015/zone-testing.js:1702:26)
	    at _ZoneDelegate.invoke (node_modules/zone.js/fesm2015/zone.js:369:28)
	    at ProxyZoneSpec.onInvoke (node_modules/zone.js/fesm2015/zone-testing.js:2081:39)
	Expected 'discarding' to be 'dealing'.
	    at <Jasmine>
	    at UserContext.apply (src/app/services/game.service.spec.ts:351:33)
	    at UserContext.apply (node_modules/zone.js/fesm2015/zone-testing.js:1702:26)
	    at _ZoneDelegate.invoke (node_modules/zone.js/fesm2015/zone.js:369:28)
	    at ProxyZoneSpec.onInvoke (node_modules/zone.js/fesm2015/zone-testing.js:2081:39)
	Error: 1 timer(s) still in the queue.
	    at UserContext.apply (node_modules/zone.js/fesm2015/zone-testing.js:1719:27)
	    at _ZoneDelegate.invoke (node_modules/zone.js/fesm2015/zone.js:369:28)
	    at ProxyZoneSpec.onInvoke (node_modules/zone.js/fesm2015/zone-testing.js:2081:39)
	    at _ZoneDelegate.invoke (node_modules/zone.js/fesm2015/zone.js:368:34)
	    at ZoneImpl.run (node_modules/zone.js/fesm2015/zone.js:111:43)
	    at runInTestZone (node_modules/zone.js/fesm2015/zone-testing.js:216:38)
	    at UserContext.<anonymous> (node_modules/zone.js/fesm2015/zone-testing.js:234:32)
	    at <Jasmine>
Chrome Headless 143.0.0.0 (Windows 10): Executed 13 of 14[31m (1 FAILED)[39m (0 secs / 0.057 secs)
[1A[2K[31mChrome Headless 143.0.0.0 (Windows 10) GameService should handle "Go" correctly FAILED[39m
	TypeError: Cannot set properties of undefined (setting 'cards')
	    at UserContext.apply (src/app/services/game.service.spec.ts:360:31)
	    at UserContext.apply (node_modules/zone.js/fesm2015/zone-testing.js:1702:26)
	    at _ZoneDelegate.invoke (node_modules/zone.js/fesm2015/zone.js:369:28)
	    at ProxyZoneSpec.onInvoke (node_modules/zone.js/fesm2015/zone-testing.js:2081:39)
	    at _ZoneDelegate.invoke (node_modules/zone.js/fesm2015/zone.js:368:34)
	    at ZoneImpl.run (node_modules/zone.js/fesm2015/zone.js:111:43)
	    at runInTestZone (node_modules/zone.js/fesm2015/zone-testing.js:216:38)
	    at UserContext.<anonymous> (node_modules/zone.js/fesm2015/zone-testing.js:234:32)
	    at <Jasmine>
Chrome Headless 143.0.0.0 (Windows 10): Executed 14 of 14[31m (2 FAILED)[39m (0 secs / 0.06 secs)
[1A[2KChrome Headless 143.0.0.0 (Windows 10): Executed 14 of 14[31m (2 FAILED)[39m (0.123 secs / 0.06 secs)
[31mTOTAL: 2 FAILED, 12 SUCCESS[39m
Î“Â£Ã¶ Browser application bundle generation complete.
Î“Â£Ã¶ Browser application bundle generation complete.
