
> client@0.0.0 test
> ng test --watch=false --browsers=ChromeHeadless

Node.js version v25.2.1 detected.
Odd numbered Node.js versions will not enter LTS status and should not be used for production. For more information, please see https://nodejs.org/en/about/previous-releases/.
- Generating browser application bundles (phase: setup)...
Î“Â£Ã¶ Browser application bundle generation complete.
[32m14 01 2026 17:58:05.874:INFO [karma-server]: [39mKarma v6.4.4 server started at http://localhost:9876/
[32m14 01 2026 17:58:05.875:INFO [launcher]: [39mLaunching browsers ChromeHeadless with concurrency unlimited
[32m14 01 2026 17:58:05.879:INFO [launcher]: [39mStarting browser ChromeHeadless
[32m14 01 2026 17:58:07.086:INFO [Chrome Headless 143.0.0.0 (Windows 10)]: [39mConnected on socket uoVK_kKPcLaUN3yvAAAB with id 18137017
Chrome Headless 143.0.0.0 (Windows 10): Executed 0 of 12[32m SUCCESS[39m (0 secs / 0 secs)
[1A[2KChrome Headless 143.0.0.0 (Windows 10): Executed 1 of 12[32m SUCCESS[39m (0 secs / 0.011 secs)
[1A[2KChrome Headless 143.0.0.0 (Windows 10): Executed 2 of 12[32m SUCCESS[39m (0 secs / 0.014 secs)
[1A[2KChrome Headless 143.0.0.0 (Windows 10): Executed 3 of 12[32m SUCCESS[39m (0 secs / 0.015 secs)
[1A[2K[31mChrome Headless 143.0.0.0 (Windows 10) GameService Discard Phase should transition to pegging after all players discard FAILED[39m
	Error: 1 timer(s) still in the queue.
	    at UserContext.apply (node_modules/zone.js/fesm2015/zone-testing.js:1719:27)
	    at _ZoneDelegate.invoke (node_modules/zone.js/fesm2015/zone.js:369:28)
	    at ProxyZoneSpec.onInvoke (node_modules/zone.js/fesm2015/zone-testing.js:2081:39)
	    at _ZoneDelegate.invoke (node_modules/zone.js/fesm2015/zone.js:368:34)
	    at ZoneImpl.run (node_modules/zone.js/fesm2015/zone.js:111:43)
	    at runInTestZone (node_modules/zone.js/fesm2015/zone-testing.js:216:38)
	    at UserContext.<anonymous> (node_modules/zone.js/fesm2015/zone-testing.js:234:32)
	    at <Jasmine>
Chrome Headless 143.0.0.0 (Windows 10): Executed 4 of 12[31m (1 FAILED)[39m (0 secs / 0.018 secs)
[1A[2KChrome Headless 143.0.0.0 (Windows 10): Executed 5 of 12[31m (1 FAILED)[39m (0 secs / 0.019 secs)
[1A[2KChrome Headless 143.0.0.0 (Windows 10): Executed 6 of 12[31m (1 FAILED)[39m (0 secs / 0.02 secs)
[1A[2KChrome Headless 143.0.0.0 (Windows 10): Executed 7 of 12[31m (1 FAILED)[39m (0 secs / 0.022 secs)
[1A[2K[31mChrome Headless 143.0.0.0 (Windows 10) GameService Pegging Phase should score 15 correctly FAILED[39m
	Expected 2 to be 4.
	    at <Jasmine>
	    at UserContext.apply (src/app/services/game.service.spec.ts:194:51)
	    at UserContext.apply (node_modules/zone.js/fesm2015/zone-testing.js:1702:26)
	    at _ZoneDelegate.invoke (node_modules/zone.js/fesm2015/zone.js:369:28)
	    at ProxyZoneSpec.onInvoke (node_modules/zone.js/fesm2015/zone-testing.js:2081:39)
Chrome Headless 143.0.0.0 (Windows 10): Executed 8 of 12[31m (2 FAILED)[39m (0 secs / 0.024 secs)
[1A[2K[31mChrome Headless 143.0.0.0 (Windows 10) GameService Pegging Phase should allow player to play a card FAILED[39m
	Expected 2 to be 3.
	    at <Jasmine>
	    at UserContext.apply (src/app/services/game.service.spec.ts:156:58)
	    at UserContext.apply (node_modules/zone.js/fesm2015/zone-testing.js:1702:26)
	    at _ZoneDelegate.invoke (node_modules/zone.js/fesm2015/zone.js:369:28)
	    at ProxyZoneSpec.onInvoke (node_modules/zone.js/fesm2015/zone-testing.js:2081:39)
	Expected 2 to be 1.
	    at <Jasmine>
	    at UserContext.apply (src/app/services/game.service.spec.ts:159:54)
	    at UserContext.apply (node_modules/zone.js/fesm2015/zone-testing.js:1702:26)
	    at _ZoneDelegate.invoke (node_modules/zone.js/fesm2015/zone.js:369:28)
	    at ProxyZoneSpec.onInvoke (node_modules/zone.js/fesm2015/zone-testing.js:2081:39)
	Expected $.rank = '6' to equal 'Q'.
	Expected $.suit = 'C' to equal 'D'.
	Expected $.value = 6 to equal 10.
	Expected $.order = 6 to equal 12.
	    at <Jasmine>
	    at UserContext.apply (src/app/services/game.service.spec.ts:160:55)
	    at UserContext.apply (node_modules/zone.js/fesm2015/zone-testing.js:1702:26)
	    at _ZoneDelegate.invoke (node_modules/zone.js/fesm2015/zone.js:369:28)
	    at ProxyZoneSpec.onInvoke (node_modules/zone.js/fesm2015/zone-testing.js:2081:39)
	Expected 16 to be 10.
	    at <Jasmine>
	    at UserContext.apply (src/app/services/game.service.spec.ts:161:54)
	    at UserContext.apply (node_modules/zone.js/fesm2015/zone-testing.js:1702:26)
	    at _ZoneDelegate.invoke (node_modules/zone.js/fesm2015/zone.js:369:28)
	    at ProxyZoneSpec.onInvoke (node_modules/zone.js/fesm2015/zone-testing.js:2081:39)
Chrome Headless 143.0.0.0 (Windows 10): Executed 9 of 12[31m (3 FAILED)[39m (0 secs / 0.028 secs)
[1A[2KChrome Headless 143.0.0.0 (Windows 10): Executed 10 of 12[31m (3 FAILED)[39m (0 secs / 0.03 secs)
[1A[2KChrome Headless 143.0.0.0 (Windows 10): Executed 11 of 12[31m (3 FAILED)[39m (0 secs / 0.031 secs)
[1A[2KChrome Headless 143.0.0.0 (Windows 10): Executed 12 of 12[31m (3 FAILED)[39m (0 secs / 0.032 secs)
[1A[2KChrome Headless 143.0.0.0 (Windows 10): Executed 12 of 12[31m (3 FAILED)[39m (0.116 secs / 0.032 secs)
[31mTOTAL: 3 FAILED, 9 SUCCESS[39m
Î“Â£Ã¶ Browser application bundle generation complete.
Î“Â£Ã¶ Browser application bundle generation complete.
