
> client@0.0.0 test
> ng test --watch=false --browsers=ChromeHeadless

Node.js version v25.2.1 detected.
Odd numbered Node.js versions will not enter LTS status and should not be used for production. For more information, please see https://nodejs.org/en/about/previous-releases/.
- Generating browser application bundles (phase: setup)...
Î“Â£Ã¶ Browser application bundle generation complete.
[32m14 01 2026 18:14:40.228:INFO [karma-server]: [39mKarma v6.4.4 server started at http://localhost:9876/
[32m14 01 2026 18:14:40.230:INFO [launcher]: [39mLaunching browsers ChromeHeadless with concurrency unlimited
[32m14 01 2026 18:14:40.234:INFO [launcher]: [39mStarting browser ChromeHeadless
[32m14 01 2026 18:14:41.389:INFO [Chrome Headless 143.0.0.0 (Windows 10)]: [39mConnected on socket 0OluLUlUjXMD5gEOAAAB with id 82457677
Chrome Headless 143.0.0.0 (Windows 10): Executed 0 of 12[32m SUCCESS[39m (0 secs / 0 secs)
[1A[2KChrome Headless 143.0.0.0 (Windows 10): Executed 1 of 12[32m SUCCESS[39m (0 secs / 0.013 secs)
[1A[2KChrome Headless 143.0.0.0 (Windows 10): Executed 2 of 12[32m SUCCESS[39m (0 secs / 0.016 secs)
[1A[2KChrome Headless 143.0.0.0 (Windows 10): Executed 3 of 12[32m SUCCESS[39m (0 secs / 0.018 secs)
[1A[2KChrome Headless 143.0.0.0 (Windows 10): Executed 4 of 12[32m SUCCESS[39m (0 secs / 0.02 secs)
[1A[2KChrome Headless 143.0.0.0 (Windows 10): Executed 5 of 12[32m SUCCESS[39m (0 secs / 0.023 secs)
[1A[2KChrome Headless 143.0.0.0 (Windows 10): Executed 6 of 12[32m SUCCESS[39m (0 secs / 0.025 secs)
[1A[2KChrome Headless 143.0.0.0 (Windows 10): Executed 7 of 12[32m SUCCESS[39m (0 secs / 0.028 secs)
[1A[2KLOG: [36m'Pegging Finished. Moving to next round.'[39m
Chrome Headless 143.0.0.0 (Windows 10): Executed 7 of 12[32m SUCCESS[39m (0 secs / 0.028 secs)
LOG: 'Pegging Finished. Moving to next round.'
[1A[2K[31mChrome Headless 143.0.0.0 (Windows 10) GameService Pegging Phase should score 15 correctly FAILED[39m
	Expected 0 to be 15.
	    at <Jasmine>
	    at UserContext.apply (src/app/services/game.service.spec.ts:207:54)
	    at UserContext.apply (node_modules/zone.js/fesm2015/zone-testing.js:1702:26)
	    at _ZoneDelegate.invoke (node_modules/zone.js/fesm2015/zone.js:369:28)
	    at ProxyZoneSpec.onInvoke (node_modules/zone.js/fesm2015/zone-testing.js:2081:39)
Chrome Headless 143.0.0.0 (Windows 10): Executed 8 of 12[31m (1 FAILED)[39m (0 secs / 0.033 secs)
[1A[2KChrome Headless 143.0.0.0 (Windows 10): Executed 9 of 12[31m (1 FAILED)[39m (0 secs / 0.035 secs)
[1A[2KChrome Headless 143.0.0.0 (Windows 10): Executed 10 of 12[31m (1 FAILED)[39m (0 secs / 0.037 secs)
[1A[2KChrome Headless 143.0.0.0 (Windows 10): Executed 11 of 12[31m (1 FAILED)[39m (0 secs / 0.039 secs)
[1A[2KChrome Headless 143.0.0.0 (Windows 10): Executed 12 of 12[31m (1 FAILED)[39m (0 secs / 0.04 secs)
[1A[2KChrome Headless 143.0.0.0 (Windows 10): Executed 12 of 12[31m (1 FAILED)[39m (0.057 secs / 0.04 secs)
[31mTOTAL: 1 FAILED, 11 SUCCESS[39m
Î“Â£Ã¶ Browser application bundle generation complete.
Î“Â£Ã¶ Browser application bundle generation complete.
